<?xml version="1.0" encoding="UTF-8"?>
<coverage generated="1670245111955" clover="3.2.0">
  <project timestamp="1670245111955" name="All files">
    <metrics statements="58" coveredstatements="42" conditionals="4" coveredconditionals="0" methods="22" coveredmethods="12" elements="84" coveredelements="54" complexity="0" loc="58" ncloc="58" packages="2" files="3" classes="3"/>
    <package name="src">
      <metrics statements="23" coveredstatements="22" conditionals="0" coveredconditionals="0" methods="6" coveredmethods="5"/>
      <file name="App.jsx" path="C:\Users\steph\Repositories\RapidPrototyping\SeekHosts\src\App.jsx">
        <metrics statements="23" coveredstatements="22" conditionals="0" coveredconditionals="0" methods="6" coveredmethods="5"/>
        <line num="17" count="2" type="stmt"/>
        <line num="19" count="5" type="stmt"/>
        <line num="20" count="4" type="stmt"/>
        <line num="27" count="4" type="stmt"/>
        <line num="29" count="4" type="stmt"/>
        <line num="30" count="4" type="stmt"/>
        <line num="31" count="144" type="stmt"/>
        <line num="33" count="4" type="stmt"/>
        <line num="35" count="4" type="stmt"/>
        <line num="37" count="4" type="stmt"/>
        <line num="38" count="4" type="stmt"/>
        <line num="39" count="48" type="stmt"/>
        <line num="41" count="4" type="stmt"/>
        <line num="43" count="4" type="stmt"/>
        <line num="44" count="4" type="stmt"/>
        <line num="45" count="4" type="stmt"/>
        <line num="46" count="4" type="stmt"/>
        <line num="47" count="4" type="stmt"/>
        <line num="48" count="1" type="stmt"/>
        <line num="50" count="4" type="stmt"/>
        <line num="51" count="0" type="stmt"/>
        <line num="53" count="4" type="stmt"/>
        <line num="61" count="4" type="stmt"/>
      </file>
    </package>
    <package name="src.components">
      <metrics statements="35" coveredstatements="20" conditionals="4" coveredconditionals="0" methods="16" coveredmethods="7"/>
      <file name="FilterMenu.jsx" path="C:\Users\steph\Repositories\RapidPrototyping\SeekHosts\src\components\FilterMenu.jsx">
        <metrics statements="26" coveredstatements="14" conditionals="4" coveredconditionals="0" methods="12" coveredmethods="6"/>
        <line num="25" count="2" type="stmt"/>
        <line num="34" count="3" type="stmt"/>
        <line num="36" count="3" type="stmt"/>
        <line num="37" count="0" type="stmt"/>
        <line num="38" count="0" type="stmt"/>
        <line num="39" count="0" type="stmt"/>
        <line num="43" count="3" type="stmt"/>
        <line num="44" count="3" type="stmt"/>
        <line num="45" count="0" type="stmt"/>
        <line num="52" count="0" type="cond" truecount="0" falsecount="4"/>
        <line num="53" count="0" type="stmt"/>
        <line num="56" count="0" type="stmt"/>
        <line num="61" count="1" type="stmt"/>
        <line num="66" count="0" type="stmt"/>
        <line num="67" count="0" type="stmt"/>
        <line num="68" count="0" type="stmt"/>
        <line num="69" count="0" type="stmt"/>
        <line num="72" count="3" type="stmt"/>
        <line num="106" count="0" type="stmt"/>
        <line num="116" count="3" type="stmt"/>
        <line num="133" count="9" type="stmt"/>
        <line num="134" count="9" type="stmt"/>
        <line num="135" count="9" type="stmt"/>
        <line num="136" count="9" type="stmt"/>
        <line num="137" count="1" type="stmt"/>
        <line num="147" count="21" type="stmt"/>
      </file>
      <file name="Restaurant.jsx" path="C:\Users\steph\Repositories\RapidPrototyping\SeekHosts\src\components\Restaurant.jsx">
        <metrics statements="9" coveredstatements="6" conditionals="0" coveredconditionals="0" methods="4" coveredmethods="1"/>
        <line num="11" count="2" type="stmt"/>
        <line num="24" count="2" type="stmt"/>
        <line num="33" count="2" type="stmt"/>
        <line num="35" count="31" type="stmt"/>
        <line num="36" count="0" type="stmt"/>
        <line num="38" count="31" type="stmt"/>
        <line num="39" count="31" type="stmt"/>
        <line num="46" count="0" type="stmt"/>
        <line num="47" count="0" type="stmt"/>
      </file>
    </package>
  </project>
</coverage>
