{"C:\\Users\\steph\\Repositories\\RapidPrototyping\\SeekHosts\\src\\App.jsx": {"path":"C:\\Users\\steph\\Repositories\\RapidPrototyping\\SeekHosts\\src\\App.jsx","statementMap":{"0":{"start":{"line":17,"column":12},"end":{"line":101,"column":1}},"1":{"start":{"line":19,"column":44},"end":{"line":19,"column":56}},"2":{"start":{"line":20,"column":48},"end":{"line":20,"column":136}},"3":{"start":{"line":27,"column":19},"end":{"line":27,"column":21}},"4":{"start":{"line":29,"column":28},"end":{"line":29,"column":30}},"5":{"start":{"line":30,"column":2},"end":{"line":32,"column":6}},"6":{"start":{"line":31,"column":6},"end":{"line":31,"column":62}},"7":{"start":{"line":31,"column":31},"end":{"line":31,"column":60}},"8":{"start":{"line":33,"column":2},"end":{"line":33,"column":67}},"9":{"start":{"line":35,"column":18},"end":{"line":35,"column":24}},"10":{"start":{"line":37,"column":20},"end":{"line":37,"column":22}},"11":{"start":{"line":38,"column":2},"end":{"line":40,"column":4}},"12":{"start":{"line":39,"column":4},"end":{"line":39,"column":36}},"13":{"start":{"line":41,"column":2},"end":{"line":41,"column":51}},"14":{"start":{"line":43,"column":2},"end":{"line":43,"column":66}},"15":{"start":{"line":44,"column":2},"end":{"line":44,"column":39}},"16":{"start":{"line":45,"column":2},"end":{"line":45,"column":49}},"17":{"start":{"line":46,"column":25},"end":{"line":46,"column":40}},"18":{"start":{"line":47,"column":21},"end":{"line":49,"column":3}},"19":{"start":{"line":48,"column":4},"end":{"line":48,"column":17}},"20":{"start":{"line":50,"column":22},"end":{"line":52,"column":3}},"21":{"start":{"line":51,"column":4},"end":{"line":51,"column":18}},"22":{"start":{"line":53,"column":28},"end":{"line":59,"column":3}},"23":{"start":{"line":61,"column":2},"end":{"line":100,"column":4}}},"fnMap":{"0":{"name":"(anonymous_0)","decl":{"start":{"line":17,"column":12},"end":{"line":17,"column":13}},"loc":{"start":{"line":17,"column":18},"end":{"line":101,"column":1}},"line":17},"1":{"name":"(anonymous_1)","decl":{"start":{"line":30,"column":36},"end":{"line":30,"column":37}},"loc":{"start":{"line":30,"column":46},"end":{"line":32,"column":5}},"line":30},"2":{"name":"(anonymous_2)","decl":{"start":{"line":31,"column":24},"end":{"line":31,"column":25}},"loc":{"start":{"line":31,"column":31},"end":{"line":31,"column":60}},"line":31},"3":{"name":"(anonymous_3)","decl":{"start":{"line":38,"column":36},"end":{"line":38,"column":37}},"loc":{"start":{"line":38,"column":46},"end":{"line":40,"column":3}},"line":38},"4":{"name":"(anonymous_4)","decl":{"start":{"line":47,"column":21},"end":{"line":47,"column":22}},"loc":{"start":{"line":47,"column":27},"end":{"line":49,"column":3}},"line":47},"5":{"name":"(anonymous_5)","decl":{"start":{"line":50,"column":22},"end":{"line":50,"column":23}},"loc":{"start":{"line":50,"column":28},"end":{"line":52,"column":3}},"line":50}},"branchMap":{},"s":{"0":2,"1":5,"2":4,"3":4,"4":4,"5":4,"6":48,"7":144,"8":4,"9":4,"10":4,"11":4,"12":48,"13":4,"14":4,"15":4,"16":4,"17":4,"18":4,"19":1,"20":4,"21":0,"22":4,"23":4},"f":{"0":5,"1":48,"2":144,"3":48,"4":1,"5":0},"b":{},"_coverageSchema":"1a1c01bbd47fc00a2c39e90264f33305004495a9","hash":"d005035c9d53096bad8778a4d82b0ffc6e25f3db"}
,"C:\\Users\\steph\\Repositories\\RapidPrototyping\\SeekHosts\\src\\components\\FilterMenu.jsx": {"path":"C:\\Users\\steph\\Repositories\\RapidPrototyping\\SeekHosts\\src\\components\\FilterMenu.jsx","statementMap":{"0":{"start":{"line":25,"column":19},"end":{"line":166,"column":1}},"1":{"start":{"line":34,"column":28},"end":{"line":34,"column":51}},"2":{"start":{"line":36,"column":23},"end":{"line":40,"column":3}},"3":{"start":{"line":37,"column":4},"end":{"line":37,"column":23}},"4":{"start":{"line":38,"column":4},"end":{"line":38,"column":74}},"5":{"start":{"line":39,"column":4},"end":{"line":39,"column":22}},"6":{"start":{"line":43,"column":26},"end":{"line":43,"column":41}},"7":{"start":{"line":44,"column":21},"end":{"line":46,"column":3}},"8":{"start":{"line":45,"column":4},"end":{"line":45,"column":18}},"9":{"start":{"line":52,"column":4},"end":{"line":57,"column":5}},"10":{"start":{"line":53,"column":6},"end":{"line":53,"column":66}},"11":{"start":{"line":56,"column":6},"end":{"line":56,"column":73}},"12":{"start":{"line":61,"column":4},"end":{"line":61,"column":64}},"13":{"start":{"line":66,"column":15},"end":{"line":66,"column":34}},"14":{"start":{"line":67,"column":21},"end":{"line":67,"column":36}},"15":{"start":{"line":68,"column":15},"end":{"line":68,"column":28}},"16":{"start":{"line":69,"column":4},"end":{"line":69,"column":30}},"17":{"start":{"line":72,"column":2},"end":{"line":165,"column":4}},"18":{"start":{"line":106,"column":27},"end":{"line":106,"column":58}},"19":{"start":{"line":116,"column":35},"end":{"line":116,"column":60}},"20":{"start":{"line":133,"column":10},"end":{"line":133,"column":36}},"21":{"start":{"line":134,"column":10},"end":{"line":134,"column":24}},"22":{"start":{"line":135,"column":10},"end":{"line":135,"column":109}},"23":{"start":{"line":135,"column":57},"end":{"line":135,"column":76}},"24":{"start":{"line":136,"column":10},"end":{"line":138,"column":11}},"25":{"start":{"line":137,"column":47},"end":{"line":137,"column":66}},"26":{"start":{"line":147,"column":8},"end":{"line":154,"column":10}}},"fnMap":{"0":{"name":"(anonymous_0)","decl":{"start":{"line":25,"column":19},"end":{"line":25,"column":20}},"loc":{"start":{"line":32,"column":6},"end":{"line":166,"column":1}},"line":32},"1":{"name":"(anonymous_1)","decl":{"start":{"line":36,"column":23},"end":{"line":36,"column":24}},"loc":{"start":{"line":36,"column":37},"end":{"line":40,"column":3}},"line":36},"2":{"name":"(anonymous_2)","decl":{"start":{"line":44,"column":21},"end":{"line":44,"column":22}},"loc":{"start":{"line":44,"column":27},"end":{"line":46,"column":3}},"line":44},"3":{"name":"selectGroupSize","decl":{"start":{"line":51,"column":11},"end":{"line":51,"column":26}},"loc":{"start":{"line":51,"column":32},"end":{"line":58,"column":3}},"line":51},"4":{"name":"selectPriceLevel","decl":{"start":{"line":60,"column":11},"end":{"line":60,"column":27}},"loc":{"start":{"line":60,"column":33},"end":{"line":62,"column":3}},"line":60},"5":{"name":"getHour","decl":{"start":{"line":65,"column":11},"end":{"line":65,"column":18}},"loc":{"start":{"line":65,"column":25},"end":{"line":70,"column":3}},"line":65},"6":{"name":"(anonymous_6)","decl":{"start":{"line":106,"column":20},"end":{"line":106,"column":21}},"loc":{"start":{"line":106,"column":27},"end":{"line":106,"column":58}},"line":106},"7":{"name":"(anonymous_7)","decl":{"start":{"line":116,"column":23},"end":{"line":116,"column":24}},"loc":{"start":{"line":116,"column":35},"end":{"line":116,"column":60}},"line":116},"8":{"name":"(anonymous_8)","decl":{"start":{"line":132,"column":40},"end":{"line":132,"column":41}},"loc":{"start":{"line":132,"column":45},"end":{"line":139,"column":9}},"line":132},"9":{"name":"(anonymous_9)","decl":{"start":{"line":135,"column":51},"end":{"line":135,"column":52}},"loc":{"start":{"line":135,"column":57},"end":{"line":135,"column":76}},"line":135},"10":{"name":"(anonymous_10)","decl":{"start":{"line":137,"column":41},"end":{"line":137,"column":42}},"loc":{"start":{"line":137,"column":47},"end":{"line":137,"column":66}},"line":137},"11":{"name":"(anonymous_11)","decl":{"start":{"line":146,"column":46},"end":{"line":146,"column":47}},"loc":{"start":{"line":147,"column":8},"end":{"line":154,"column":10}},"line":147}},"branchMap":{"0":{"loc":{"start":{"line":52,"column":4},"end":{"line":57,"column":5}},"type":"if","locations":[{"start":{"line":52,"column":4},"end":{"line":57,"column":5}},{"start":{"line":55,"column":9},"end":{"line":57,"column":5}}],"line":52},"1":{"loc":{"start":{"line":52,"column":8},"end":{"line":52,"column":31}},"type":"binary-expr","locations":[{"start":{"line":52,"column":8},"end":{"line":52,"column":19}},{"start":{"line":52,"column":23},"end":{"line":52,"column":31}}],"line":52}},"s":{"0":2,"1":3,"2":3,"3":0,"4":0,"5":0,"6":3,"7":3,"8":0,"9":0,"10":0,"11":0,"12":1,"13":0,"14":0,"15":0,"16":0,"17":3,"18":0,"19":3,"20":9,"21":9,"22":9,"23":0,"24":9,"25":1,"26":21},"f":{"0":3,"1":0,"2":0,"3":0,"4":1,"5":0,"6":0,"7":3,"8":9,"9":0,"10":1,"11":21},"b":{"0":[0,0],"1":[0,0]},"_coverageSchema":"1a1c01bbd47fc00a2c39e90264f33305004495a9","hash":"b0dde74d72f63893f6d97d4a2523e659102da91d"}
,"C:\\Users\\steph\\Repositories\\RapidPrototyping\\SeekHosts\\src\\components\\Restaurant.jsx": {"path":"C:\\Users\\steph\\Repositories\\RapidPrototyping\\SeekHosts\\src\\components\\Restaurant.jsx","statementMap":{"0":{"start":{"line":11,"column":14},"end":{"line":22,"column":1}},"1":{"start":{"line":24,"column":24},"end":{"line":32,"column":3}},"2":{"start":{"line":33,"column":23},"end":{"line":67,"column":1}},"3":{"start":{"line":35,"column":21},"end":{"line":37,"column":5}},"4":{"start":{"line":36,"column":8},"end":{"line":36,"column":58}},"5":{"start":{"line":38,"column":4},"end":{"line":38,"column":34}},"6":{"start":{"line":39,"column":4},"end":{"line":66,"column":5}},"7":{"start":{"line":46,"column":68},"end":{"line":46,"column":92}},"8":{"start":{"line":47,"column":140},"end":{"line":47,"column":176}}},"fnMap":{"0":{"name":"(anonymous_0)","decl":{"start":{"line":33,"column":23},"end":{"line":33,"column":24}},"loc":{"start":{"line":33,"column":43},"end":{"line":67,"column":1}},"line":33},"1":{"name":"(anonymous_1)","decl":{"start":{"line":35,"column":21},"end":{"line":35,"column":22}},"loc":{"start":{"line":35,"column":28},"end":{"line":37,"column":5}},"line":35},"2":{"name":"(anonymous_2)","decl":{"start":{"line":46,"column":62},"end":{"line":46,"column":63}},"loc":{"start":{"line":46,"column":68},"end":{"line":46,"column":92}},"line":46},"3":{"name":"(anonymous_3)","decl":{"start":{"line":47,"column":134},"end":{"line":47,"column":135}},"loc":{"start":{"line":47,"column":140},"end":{"line":47,"column":176}},"line":47}},"branchMap":{},"s":{"0":2,"1":2,"2":2,"3":31,"4":0,"5":31,"6":31,"7":0,"8":0},"f":{"0":31,"1":0,"2":0,"3":0},"b":{},"_coverageSchema":"1a1c01bbd47fc00a2c39e90264f33305004495a9","hash":"4a5b270c586b692798ab0034ddfe27c43f7dac06"}
}
