{"C:\\Users\\steph\\Repositories\\RapidPrototyping\\SeekHosts\\src\\App.jsx": {"path":"C:\\Users\\steph\\Repositories\\RapidPrototyping\\SeekHosts\\src\\App.jsx","statementMap":{"0":{"start":{"line":17,"column":12},"end":{"line":100,"column":1}},"1":{"start":{"line":19,"column":44},"end":{"line":19,"column":56}},"2":{"start":{"line":20,"column":48},"end":{"line":20,"column":136}},"3":{"start":{"line":27,"column":19},"end":{"line":27,"column":21}},"4":{"start":{"line":29,"column":28},"end":{"line":29,"column":30}},"5":{"start":{"line":30,"column":2},"end":{"line":32,"column":6}},"6":{"start":{"line":31,"column":6},"end":{"line":31,"column":62}},"7":{"start":{"line":31,"column":31},"end":{"line":31,"column":60}},"8":{"start":{"line":33,"column":2},"end":{"line":33,"column":67}},"9":{"start":{"line":35,"column":18},"end":{"line":35,"column":24}},"10":{"start":{"line":37,"column":20},"end":{"line":37,"column":22}},"11":{"start":{"line":38,"column":2},"end":{"line":40,"column":4}},"12":{"start":{"line":39,"column":4},"end":{"line":39,"column":36}},"13":{"start":{"line":41,"column":2},"end":{"line":41,"column":51}},"14":{"start":{"line":43,"column":2},"end":{"line":43,"column":66}},"15":{"start":{"line":44,"column":2},"end":{"line":44,"column":39}},"16":{"start":{"line":45,"column":2},"end":{"line":45,"column":49}},"17":{"start":{"line":46,"column":25},"end":{"line":46,"column":40}},"18":{"start":{"line":47,"column":21},"end":{"line":49,"column":3}},"19":{"start":{"line":48,"column":4},"end":{"line":48,"column":17}},"20":{"start":{"line":50,"column":22},"end":{"line":52,"column":3}},"21":{"start":{"line":51,"column":4},"end":{"line":51,"column":18}},"22":{"start":{"line":53,"column":28},"end":{"line":59,"column":3}},"23":{"start":{"line":61,"column":2},"end":{"line":99,"column":4}}},"fnMap":{"0":{"name":"(anonymous_0)","decl":{"start":{"line":17,"column":12},"end":{"line":17,"column":13}},"loc":{"start":{"line":17,"column":18},"end":{"line":100,"column":1}},"line":17},"1":{"name":"(anonymous_1)","decl":{"start":{"line":30,"column":36},"end":{"line":30,"column":37}},"loc":{"start":{"line":30,"column":46},"end":{"line":32,"column":5}},"line":30},"2":{"name":"(anonymous_2)","decl":{"start":{"line":31,"column":24},"end":{"line":31,"column":25}},"loc":{"start":{"line":31,"column":31},"end":{"line":31,"column":60}},"line":31},"3":{"name":"(anonymous_3)","decl":{"start":{"line":38,"column":36},"end":{"line":38,"column":37}},"loc":{"start":{"line":38,"column":46},"end":{"line":40,"column":3}},"line":38},"4":{"name":"(anonymous_4)","decl":{"start":{"line":47,"column":21},"end":{"line":47,"column":22}},"loc":{"start":{"line":47,"column":27},"end":{"line":49,"column":3}},"line":47},"5":{"name":"(anonymous_5)","decl":{"start":{"line":50,"column":22},"end":{"line":50,"column":23}},"loc":{"start":{"line":50,"column":28},"end":{"line":52,"column":3}},"line":50}},"branchMap":{},"s":{"0":1,"1":0,"2":0,"3":0,"4":0,"5":0,"6":0,"7":0,"8":0,"9":0,"10":0,"11":0,"12":0,"13":0,"14":0,"15":0,"16":0,"17":0,"18":0,"19":0,"20":0,"21":0,"22":0,"23":0},"f":{"0":0,"1":0,"2":0,"3":0,"4":0,"5":0},"b":{},"_coverageSchema":"1a1c01bbd47fc00a2c39e90264f33305004495a9","hash":"49934b361f1625e22b7cd1dbf9e869369e51f94a"}
,"C:\\Users\\steph\\Repositories\\RapidPrototyping\\SeekHosts\\src\\components\\Restaurant.jsx": {"path":"C:\\Users\\steph\\Repositories\\RapidPrototyping\\SeekHosts\\src\\components\\Restaurant.jsx","statementMap":{"0":{"start":{"line":11,"column":14},"end":{"line":22,"column":1}},"1":{"start":{"line":24,"column":24},"end":{"line":32,"column":3}},"2":{"start":{"line":33,"column":23},"end":{"line":67,"column":1}},"3":{"start":{"line":35,"column":21},"end":{"line":37,"column":5}},"4":{"start":{"line":36,"column":8},"end":{"line":36,"column":58}},"5":{"start":{"line":38,"column":4},"end":{"line":38,"column":34}},"6":{"start":{"line":39,"column":4},"end":{"line":66,"column":5}},"7":{"start":{"line":46,"column":68},"end":{"line":46,"column":92}},"8":{"start":{"line":47,"column":140},"end":{"line":47,"column":176}}},"fnMap":{"0":{"name":"(anonymous_0)","decl":{"start":{"line":33,"column":23},"end":{"line":33,"column":24}},"loc":{"start":{"line":33,"column":43},"end":{"line":67,"column":1}},"line":33},"1":{"name":"(anonymous_1)","decl":{"start":{"line":35,"column":21},"end":{"line":35,"column":22}},"loc":{"start":{"line":35,"column":28},"end":{"line":37,"column":5}},"line":35},"2":{"name":"(anonymous_2)","decl":{"start":{"line":46,"column":62},"end":{"line":46,"column":63}},"loc":{"start":{"line":46,"column":68},"end":{"line":46,"column":92}},"line":46},"3":{"name":"(anonymous_3)","decl":{"start":{"line":47,"column":134},"end":{"line":47,"column":135}},"loc":{"start":{"line":47,"column":140},"end":{"line":47,"column":176}},"line":47}},"branchMap":{},"s":{"0":1,"1":1,"2":1,"3":1,"4":0,"5":1,"6":1,"7":0,"8":0},"f":{"0":1,"1":0,"2":0,"3":0},"b":{},"_coverageSchema":"1a1c01bbd47fc00a2c39e90264f33305004495a9","hash":"4a5b270c586b692798ab0034ddfe27c43f7dac06"}
}
