TN:
SF:src\App.jsx
FN:17,(anonymous_0)
FN:30,(anonymous_1)
FN:31,(anonymous_2)
FN:38,(anonymous_3)
FN:47,(anonymous_4)
FN:50,(anonymous_5)
FNF:6
FNH:5
FNDA:5,(anonymous_0)
FNDA:48,(anonymous_1)
FNDA:144,(anonymous_2)
FNDA:48,(anonymous_3)
FNDA:1,(anonymous_4)
FNDA:0,(anonymous_5)
DA:17,2
DA:19,5
DA:20,4
DA:27,4
DA:29,4
DA:30,4
DA:31,144
DA:33,4
DA:35,4
DA:37,4
DA:38,4
DA:39,48
DA:41,4
DA:43,4
DA:44,4
DA:45,4
DA:46,4
DA:47,4
DA:48,1
DA:50,4
DA:51,0
DA:53,4
DA:61,4
LF:23
LH:22
BRF:0
BRH:0
end_of_record
TN:
SF:src\components\FilterMenu.jsx
FN:25,(anonymous_0)
FN:36,(anonymous_1)
FN:44,(anonymous_2)
FN:51,selectGroupSize
FN:60,selectPriceLevel
FN:65,getHour
FN:106,(anonymous_6)
FN:116,(anonymous_7)
FN:132,(anonymous_8)
FN:135,(anonymous_9)
FN:137,(anonymous_10)
FN:146,(anonymous_11)
FNF:12
FNH:6
FNDA:3,(anonymous_0)
FNDA:0,(anonymous_1)
FNDA:0,(anonymous_2)
FNDA:0,selectGroupSize
FNDA:1,selectPriceLevel
FNDA:0,getHour
FNDA:0,(anonymous_6)
FNDA:3,(anonymous_7)
FNDA:9,(anonymous_8)
FNDA:0,(anonymous_9)
FNDA:1,(anonymous_10)
FNDA:21,(anonymous_11)
DA:25,2
DA:34,3
DA:36,3
DA:37,0
DA:38,0
DA:39,0
DA:43,3
DA:44,3
DA:45,0
DA:52,0
DA:53,0
DA:56,0
DA:61,1
DA:66,0
DA:67,0
DA:68,0
DA:69,0
DA:72,3
DA:106,0
DA:116,3
DA:133,9
DA:134,9
DA:135,9
DA:136,9
DA:137,1
DA:147,21
LF:26
LH:14
BRDA:52,0,0,0
BRDA:52,0,1,0
BRDA:52,1,0,0
BRDA:52,1,1,0
BRF:4
BRH:0
end_of_record
TN:
SF:src\components\Restaurant.jsx
FN:33,(anonymous_0)
FN:35,(anonymous_1)
FN:46,(anonymous_2)
FN:47,(anonymous_3)
FNF:4
FNH:1
FNDA:31,(anonymous_0)
FNDA:0,(anonymous_1)
FNDA:0,(anonymous_2)
FNDA:0,(anonymous_3)
DA:11,2
DA:24,2
DA:33,2
DA:35,31
DA:36,0
DA:38,31
DA:39,31
DA:46,0
DA:47,0
LF:9
LH:6
BRF:0
BRH:0
end_of_record
